<?xml version="1.0" encoding="UTF-8"?>
<testsuite xmlns:xsi="http://www.w3.org/2001/XMLSchema-instance" xsi:noNamespaceSchemaLocation="https://maven.apache.org/surefire/maven-surefire-plugin/xsd/surefire-test-report.xsd" name="vechicle" time="25.916" tests="6" errors="0" skipped="0" failures="0">
  <properties>
[...]
</properties>
  <testcase name="newdatasetid" classname="vechicle" time="1.281"/>
  <testcase name="NewVechicledetailswithinvalidvechid" classname="vechicle" time="0.274"/>
  <testcase name="NewVechicleswithdatasetid" classname="vechicle" time="0.896"/>
  <testcase name="Nodatasetid" classname="vechicle" time="0.127"/>
  <testcase name="NewVechicleswithoutdatasetid" classname="vechicle" time="0.258"/>
  <testcase name="NewVechicledetailswithdatasetid" classname="vechicle" time="22.577"/>
</testsuite>